=== Node batch orchestrator ===
Input: 78 | Pending: 33 | Parallel: 3
[18] -> processing (report 326, attempt 1)
[32] -> processing (report 327, attempt 1)
[33] -> processing (report 328, attempt 1)
(node:18332) [DEP0190] DeprecationWarning: Passing args to a child process with shell option true can lead to security vulnerabilities, as the arguments are not escaped, only concatenated.
(Use `node --trace-deprecation ...` to show where the warning was created)
[32] OK score=- report=327
[34] -> processing (report 329, attempt 1)
[18] OK score=- report=326
[35] -> processing (report 353, attempt 1)
[34] OK score=1.8 report=329
[36] -> processing (report 355, attempt 1)
[33] OK score=3.0 report=328
[38] -> processing (report 369, attempt 1)
[35] OK score=- report=353
[39] -> processing (report 370, attempt 1)
[38] OK score=2.0 report=369
[40] -> processing (report 371, attempt 1)
[40] OK score=1.5 report=371
[41] -> processing (report 372, attempt 1)
[39] OK score=- report=370
[42] -> processing (report 373, attempt 1)
[36] OK score=- report=355
[43] -> processing (report 375, attempt 1)
[43] OK score=- report=375
[44] -> processing (report 376, attempt 1)
[41] OK score=2.8 report=372
[45] -> processing (report 377, attempt 1)
[44] OK score=2.0 report=376
[46] -> processing (report 378, attempt 1)
[46] FAIL exit=1
[47] -> processing (report 379, attempt 1)
[42] FAIL exit=1
[48] -> processing (report 380, attempt 1)
[47] FAIL exit=1
[49] -> processing (report 381, attempt 1)
[48] FAIL exit=1
[50] -> processing (report 382, attempt 1)
[49] FAIL exit=1
[51] -> processing (report 383, attempt 1)
[50] FAIL exit=1
[52] -> processing (report 384, attempt 1)
[51] FAIL exit=1
[53] -> processing (report 385, attempt 1)
[45] FAIL exit=1
[54] -> processing (report 386, attempt 1)
[52] FAIL exit=1
[55] -> processing (report 387, attempt 1)
[53] FAIL exit=1
[56] -> processing (report 388, attempt 1)
[54] FAIL exit=1
[57] -> processing (report 389, attempt 1)
[55] FAIL exit=1
[71] -> processing (report 390, attempt 1)
[56] FAIL exit=1
[73] -> processing (report 391, attempt 1)
[57] FAIL exit=1
[74] -> processing (report 392, attempt 1)
[71] FAIL exit=1
[75] -> processing (report 393, attempt 1)
[73] FAIL exit=1
[76] -> processing (report 394, attempt 1)
[74] FAIL exit=1
[77] -> processing (report 395, attempt 1)
[75] FAIL exit=1
[78] -> processing (report 396, attempt 1)
[76] FAIL exit=1
[77] FAIL exit=1
[78] FAIL exit=1

=== Done ===
Total: 78 | Completed: 56 | Failed: 21
