=== career-ops batch runner ===
Parallel: 3 | Max retries: 1
Input: 78 offers

Pending: 75 offers

--- Processing offer #5: https://www.appfolio.com/open-roles?p=job%2Fo0cTzfwo&__jvst=Job%20Board&__jvsd=LinkedIn&nl=1 (report 239, attempt 1)
--- Processing offer #4: https://jobs.burtchworks.com/s/?jobId=a09Vv000006nNJNIA2&title=Head+of+AI+Enablement+%26+Software+Engineering&location=New+York+City%2C+NY (report 240, attempt 1)
--- Processing offer #6: https://careers.servicenow.com/jobs/744000120001367/partner-technology-strategist/?trid=2d92f286-613b-4daf-9dfa-6340ffbecf73 (report 241, attempt 1)
    ✅ Completed (score: -, report: 240)
--- Processing offer #7: https://lplfinancial.wd1.myworkdayjobs.com/External/job/Fort-MillCharlotte/VP--Technology---Product-Transformation_R-049927-1 (report 245, attempt 1)
batch/batch-runner.sh: line 377: bc: command not found
    ✅ Completed (score: 2.5, report: 241)
--- Processing offer #8: https://jobs.bmc.com/Careers/JobDetail/Pipeline-AI-Digital-Transformation-Manager/46617?src=SNS-10001 (report 249, attempt 1)
batch/batch-runner.sh: line 377: bc: command not found
    ✅ Completed (score: 2.8, report: 239)
--- Processing offer #9: https://careers.situsamc.com/job-detail/vice-president-lead-ai-innovation-remote-us-jr02699-1 (report 250, attempt 1)
batch/batch-runner.sh: line 377: bc: command not found
    ✅ Completed (score: 3.3, report: 245)
--- Processing offer #10: https://crescentenergyco.wd108.myworkdayjobs.com/crescent_energy_careers/job/Houston/Director-of-Data---Analytics_R264 (report 251, attempt 1)
batch/batch-runner.sh: line 377: bc: command not found
    ✅ Completed (score: 2.5, report: 249)
--- Processing offer #11: https://job-boards.greenhouse.io/arcadiacareers/jobs/8513743002?gh_src=r6h56axe2us (report 255, attempt 1)
batch/batch-runner.sh: line 377: bc: command not found
    ✅ Completed (score: 2.1, report: 250)
--- Processing offer #12: https://careers.ey.com/ey/job/Atlanta-Senior-Manager-AI-Architecture-Knowledge-AI-GA-30308/1276813001/?feedId=337401 (report 256, attempt 1)
batch/batch-runner.sh: line 377: bc: command not found
    ✅ Completed (score: 3.0, report: 251)
--- Processing offer #13: https://careers.slb.com/jobdescription.aspx?id=EF16121-en_US+1 (report 258, attempt 1)
batch/batch-runner.sh: line 377: bc: command not found
    ✅ Completed (score: 2.6, report: 256)
batch/batch-runner.sh: line 377: bc: command not found
    ✅ Completed (score: 1.5, report: 258)
    ✅ Completed (score: -, report: 255)

=== Merging tracker additions ===
📊 Existing: 231 entries, max #235
📥 Found 14 pending additions
➕ Add #236: Riveron — Technology & Innovation - Solution Architect (OneStream) (2.0/5)
➕ Add #238: HDR — Cross Sector Technology Director (3.0/5)
➕ Add #239: AppFolio — SVP, Engineering (2.8/5)
➕ Add #244: ServiceNow — Partner Technology Strategist (2.0/5)
➕ Add #246: LPL Financial — VP, Technology & Product Transformation (3.1/5)
➕ Add #249: BMC Software — AI/Digital Transformation Mgr (2.5/5)
➕ Add #250: SitusAMC — VP, Lead AI Innovation (2.1/5)
➕ Add #251: Crescent Energy — Director of Data & Analytics (3.0/5)
➕ Add #253: Arcadia — Head of Product, Data Platform (3.0/5)
⏭️  Skip: EY — Senior Manager, AI Architecture -- Knowledge AI (existing #51 2.5 >= new 2.3)
➕ Add #257: SLB — Digital Twin Architect (1.5/5)
➕ Add #259: HCLTech — Transition Practice Head (2.4/5)
➕ Add #260: Crowe — Technology Advisory Manager (2.7/5)
➕ Add #261: Microsoft — Principal PM - Human Data (2.5/5)

✅ Moved 14 TSVs to merged/

📊 Summary: +13 added, 🔄0 updated, ⏭️1 skipped

=== Verifying pipeline integrity ===

📊 Checking 244 entries in applications.md

✅ All statuses are canonical
⚠️  Possible duplicates: #181, #182 (Glean — Public Sector Solutions Engineer, SLED)
⚠️  Possible duplicates: #192, #193 (Celonis — Principal Enterprise Architect)
✅ All report links valid
✅ All scores valid
✅ All rows properly formatted
✅ No pending TSVs
✅ No bold in scores

==================================================
📊 Pipeline Health: 0 errors, 2 warnings
🟡 Pipeline OK with warnings

=== Batch Summary ===
Total: 16 | Completed: 13 | Failed: 0 | Pending: 3
Average score: N/A/5 (10 scored)
